Performing C SOURCE FILE Test CMAKE_HAVE_LIBC_PTHREAD failed with the following output:
Change Dir: /root/workspace/ros2/src/lci_calibration/build/CMakeFiles/CMakeTmp

Run Build Command(s):/usr/bin/make cmTC_ba5e0/fast && /usr/bin/make -f CMakeFiles/cmTC_ba5e0.dir/build.make CMakeFiles/cmTC_ba5e0.dir/build
make[1]: Entering directory '/root/workspace/ros2/src/lci_calibration/build/CMakeFiles/CMakeTmp'
Building C object CMakeFiles/cmTC_ba5e0.dir/src.c.o
/usr/bin/cc   -DCMAKE_HAVE_LIBC_PTHREAD   -o CMakeFiles/cmTC_ba5e0.dir/src.c.o   -c /root/workspace/ros2/src/lci_calibration/build/CMakeFiles/CMakeTmp/src.c
Linking C executable cmTC_ba5e0
/usr/bin/cmake -E cmake_link_script CMakeFiles/cmTC_ba5e0.dir/link.txt --verbose=1
/usr/bin/cc   -DCMAKE_HAVE_LIBC_PTHREAD     CMakeFiles/cmTC_ba5e0.dir/src.c.o  -o cmTC_ba5e0 
/usr/bin/ld: CMakeFiles/cmTC_ba5e0.dir/src.c.o: in function `main':
src.c:(.text+0x46): undefined reference to `pthread_create'
/usr/bin/ld: src.c:(.text+0x52): undefined reference to `pthread_detach'
/usr/bin/ld: src.c:(.text+0x63): undefined reference to `pthread_join'
collect2: error: ld returned 1 exit status
make[1]: *** [CMakeFiles/cmTC_ba5e0.dir/build.make:87: cmTC_ba5e0] Error 1
make[1]: Leaving directory '/root/workspace/ros2/src/lci_calibration/build/CMakeFiles/CMakeTmp'
make: *** [Makefile:121: cmTC_ba5e0/fast] Error 2


Source file was:
#include <pthread.h>

void* test_func(void* data)
{
  return data;
}

int main(void)
{
  pthread_t thread;
  pthread_create(&thread, NULL, test_func, NULL);
  pthread_detach(thread);
  pthread_join(thread, NULL);
  pthread_atfork(NULL, NULL, NULL);
  pthread_exit(NULL);

  return 0;
}

Determining if the function pthread_create exists in the pthreads failed with the following output:
Change Dir: /root/workspace/ros2/src/lci_calibration/build/CMakeFiles/CMakeTmp

Run Build Command(s):/usr/bin/make cmTC_0f1d0/fast && /usr/bin/make -f CMakeFiles/cmTC_0f1d0.dir/build.make CMakeFiles/cmTC_0f1d0.dir/build
make[1]: Entering directory '/root/workspace/ros2/src/lci_calibration/build/CMakeFiles/CMakeTmp'
Building C object CMakeFiles/cmTC_0f1d0.dir/CheckFunctionExists.c.o
/usr/bin/cc   -DCHECK_FUNCTION_EXISTS=pthread_create   -o CMakeFiles/cmTC_0f1d0.dir/CheckFunctionExists.c.o   -c /usr/share/cmake-3.16/Modules/CheckFunctionExists.c
Linking C executable cmTC_0f1d0
/usr/bin/cmake -E cmake_link_script CMakeFiles/cmTC_0f1d0.dir/link.txt --verbose=1
/usr/bin/cc   -DCHECK_FUNCTION_EXISTS=pthread_create     CMakeFiles/cmTC_0f1d0.dir/CheckFunctionExists.c.o  -o cmTC_0f1d0  -lpthreads 
/usr/bin/ld: cannot find -lpthreads
collect2: error: ld returned 1 exit status
make[1]: *** [CMakeFiles/cmTC_0f1d0.dir/build.make:87: cmTC_0f1d0] Error 1
make[1]: Leaving directory '/root/workspace/ros2/src/lci_calibration/build/CMakeFiles/CMakeTmp'
make: *** [Makefile:121: cmTC_0f1d0/fast] Error 2



Determining if the function sgemm_ exists failed with the following output:
Change Dir: /root/workspace/ros2/src/lci_calibration/build/CMakeFiles/CMakeTmp

Run Build Command(s):/usr/bin/make cmTC_1733f/fast && /usr/bin/make -f CMakeFiles/cmTC_1733f.dir/build.make CMakeFiles/cmTC_1733f.dir/build
make[1]: Entering directory '/root/workspace/ros2/src/lci_calibration/build/CMakeFiles/CMakeTmp'
Building C object CMakeFiles/cmTC_1733f.dir/CheckFunctionExists.c.o
/usr/bin/cc   -DCHECK_FUNCTION_EXISTS=sgemm_   -o CMakeFiles/cmTC_1733f.dir/CheckFunctionExists.c.o   -c /usr/share/cmake-3.16/Modules/CheckFunctionExists.c
Linking C executable cmTC_1733f
/usr/bin/cmake -E cmake_link_script CMakeFiles/cmTC_1733f.dir/link.txt --verbose=1
/usr/bin/cc   -DCHECK_FUNCTION_EXISTS=sgemm_     CMakeFiles/cmTC_1733f.dir/CheckFunctionExists.c.o  -o cmTC_1733f 
/usr/bin/ld: CMakeFiles/cmTC_1733f.dir/CheckFunctionExists.c.o: in function `main':
CheckFunctionExists.c:(.text+0x14): undefined reference to `sgemm_'
collect2: error: ld returned 1 exit status
make[1]: *** [CMakeFiles/cmTC_1733f.dir/build.make:87: cmTC_1733f] Error 1
make[1]: Leaving directory '/root/workspace/ros2/src/lci_calibration/build/CMakeFiles/CMakeTmp'
make: *** [Makefile:121: cmTC_1733f/fast] Error 2



Determining if the function cheev_ exists failed with the following output:
Change Dir: /root/workspace/ros2/src/lci_calibration/build/CMakeFiles/CMakeTmp

Run Build Command(s):/usr/bin/make cmTC_3c6a2/fast && /usr/bin/make -f CMakeFiles/cmTC_3c6a2.dir/build.make CMakeFiles/cmTC_3c6a2.dir/build
make[1]: Entering directory '/root/workspace/ros2/src/lci_calibration/build/CMakeFiles/CMakeTmp'
Building C object CMakeFiles/cmTC_3c6a2.dir/CheckFunctionExists.c.o
/usr/bin/cc   -DCHECK_FUNCTION_EXISTS=cheev_   -o CMakeFiles/cmTC_3c6a2.dir/CheckFunctionExists.c.o   -c /usr/share/cmake-3.16/Modules/CheckFunctionExists.c
Linking C executable cmTC_3c6a2
/usr/bin/cmake -E cmake_link_script CMakeFiles/cmTC_3c6a2.dir/link.txt --verbose=1
/usr/bin/cc   -DCHECK_FUNCTION_EXISTS=cheev_     CMakeFiles/cmTC_3c6a2.dir/CheckFunctionExists.c.o  -o cmTC_3c6a2  /usr/lib/x86_64-linux-gnu/libf77blas.so /usr/lib/x86_64-linux-gnu/libatlas.so 
/usr/bin/ld: CMakeFiles/cmTC_3c6a2.dir/CheckFunctionExists.c.o: in function `main':
CheckFunctionExists.c:(.text+0x14): undefined reference to `cheev_'
collect2: error: ld returned 1 exit status
make[1]: *** [CMakeFiles/cmTC_3c6a2.dir/build.make:89: cmTC_3c6a2] Error 1
make[1]: Leaving directory '/root/workspace/ros2/src/lci_calibration/build/CMakeFiles/CMakeTmp'
make: *** [Makefile:121: cmTC_3c6a2/fast] Error 2



